<?xml version="1.0" encoding="UTF-8"?>
<testsuite name="Division rÃ©elle" tests="1" skipped="0" failures="0" errors="0" timestamp="2025-09-02T08:09:19.050Z" hostname="MSI" time="0.002">
  <properties/>
  <testcase name="testDivReal()" classname="org.example.CalculatorTest$RealDivision" time="0.002"/>
  <system-out><![CDATA[]]></system-out>
  <system-err><![CDATA[]]></system-err>
</testsuite>
