<?xml version="1.0" encoding="UTF-8"?>
<testsuite name="Calculator JUnit 5 Tests" tests="3" skipped="1" failures="0" errors="0" timestamp="2025-09-02T08:09:19.027Z" hostname="MSI" time="0.02">
  <properties/>
  <testcase name="testAvecTimeout()" classname="org.example.CalculatorTest" time="0.015"/>
  <testcase name="testAdd()" classname="org.example.CalculatorTest" time="0.002"/>
  <testcase name="testNonImplemente()" classname="org.example.CalculatorTest" time="0.0">
    <skipped/>
  </testcase>
  <system-out><![CDATA[]]></system-out>
  <system-err><![CDATA[]]></system-err>
</testsuite>
